<?xml version="1.0" encoding="UTF-8"?>
<coverage generated="1746995485885" clover="3.2.0">
  <project timestamp="1746995485885" name="All files">
    <metrics statements="42" coveredstatements="39" conditionals="15" coveredconditionals="8" methods="8" coveredmethods="6" elements="65" coveredelements="53" complexity="0" loc="42" ncloc="42" packages="1" files="2" classes="2"/>
    <file name="useInfiniteScroll.ts" path="/Users/antoniel/Desktop/Projetos/teste técnico/teste-control361/src/hooks/useInfiniteScroll.ts">
      <metrics statements="11" coveredstatements="9" conditionals="6" coveredconditionals="2" methods="3" coveredmethods="2"/>
      <line num="1" count="1" type="stmt"/>
      <line num="10" count="1" type="stmt"/>
      <line num="11" count="3" type="stmt"/>
      <line num="13" count="3" type="stmt"/>
      <line num="14" count="2" type="cond" truecount="1" falsecount="0"/>
      <line num="15" count="1" type="cond" truecount="0" falsecount="1"/>
      <line num="17" count="1" type="stmt"/>
      <line num="18" count="0" type="cond" truecount="0" falsecount="3"/>
      <line num="19" count="0" type="stmt"/>
      <line num="23" count="1" type="cond" truecount="1" falsecount="0"/>
      <line num="26" count="3" type="stmt"/>
    </file>
    <file name="useVehicles.ts" path="/Users/antoniel/Desktop/Projetos/teste técnico/teste-control361/src/hooks/useVehicles.ts">
      <metrics statements="31" coveredstatements="30" conditionals="9" coveredconditionals="6" methods="5" coveredmethods="4"/>
      <line num="1" count="1" type="stmt"/>
      <line num="3" count="1" type="stmt"/>
      <line num="5" count="1" type="stmt"/>
      <line num="6" count="7" type="stmt"/>
      <line num="7" count="7" type="stmt"/>
      <line num="8" count="7" type="stmt"/>
      <line num="9" count="7" type="stmt"/>
      <line num="10" count="7" type="stmt"/>
      <line num="11" count="7" type="stmt"/>
      <line num="12" count="7" type="stmt"/>
      <line num="14" count="7" type="stmt"/>
      <line num="15" count="1" type="stmt"/>
      <line num="16" count="1" type="cond" truecount="3" falsecount="1"/>
      <line num="17" count="1" type="stmt"/>
      <line num="18" count="1" type="cond" truecount="2" falsecount="1"/>
      <line num="19" count="1" type="stmt"/>
      <line num="22" count="1" type="stmt"/>
      <line num="25" count="7" type="stmt"/>
      <line num="26" count="2" type="stmt"/>
      <line num="27" count="2" type="stmt"/>
      <line num="28" count="2" type="stmt"/>
      <line num="37" count="1" type="stmt"/>
      <line num="38" count="1" type="stmt"/>
      <line num="40" count="1" type="cond" truecount="1" falsecount="1"/>
      <line num="41" count="1" type="stmt"/>
      <line num="43" count="0" type="stmt"/>
      <line num="46" count="1" type="stmt"/>
      <line num="47" count="1" type="stmt"/>
      <line num="49" count="1" type="stmt"/>
      <line num="51" count="2" type="stmt"/>
      <line num="55" count="7" type="stmt"/>
    </file>
  </project>
</coverage>
