{"/Users/antoniel/Desktop/Projetos/teste técnico/teste-control361/src/hooks/useInfiniteScroll.ts": {"path":"/Users/antoniel/Desktop/Projetos/teste técnico/teste-control361/src/hooks/useInfiniteScroll.ts","statementMap":{"0":{"start":{"line":1,"column":0},"end":{"line":1,"column":44}},"1":{"start":{"line":10,"column":33},"end":{"line":27,"column":1}},"2":{"start":{"line":11,"column":19},"end":{"line":11,"column":60}},"3":{"start":{"line":13,"column":25},"end":{"line":24,"column":47}},"4":{"start":{"line":14,"column":4},"end":{"line":14,"column":24}},"5":{"start":{"line":14,"column":17},"end":{"line":14,"column":24}},"6":{"start":{"line":15,"column":4},"end":{"line":15,"column":56}},"7":{"start":{"line":15,"column":26},"end":{"line":15,"column":56}},"8":{"start":{"line":17,"column":4},"end":{"line":21,"column":7}},"9":{"start":{"line":18,"column":6},"end":{"line":20,"column":7}},"10":{"start":{"line":19,"column":8},"end":{"line":19,"column":31}},"11":{"start":{"line":23,"column":4},"end":{"line":23,"column":45}},"12":{"start":{"line":23,"column":14},"end":{"line":23,"column":45}},"13":{"start":{"line":26,"column":2},"end":{"line":26,"column":28}},"14":{"start":{"line":10,"column":13},"end":{"line":10,"column":33}}},"fnMap":{"0":{"name":"(anonymous_0)","decl":{"start":{"line":10,"column":33},"end":{"line":10,"column":34}},"loc":{"start":{"line":10,"column":105},"end":{"line":27,"column":1}}},"1":{"name":"(anonymous_1)","decl":{"start":{"line":13,"column":37},"end":{"line":13,"column":38}},"loc":{"start":{"line":13,"column":74},"end":{"line":24,"column":3}}},"2":{"name":"(anonymous_2)","decl":{"start":{"line":17,"column":48},"end":{"line":17,"column":55}},"loc":{"start":{"line":17,"column":58},"end":{"line":21,"column":5}}}},"branchMap":{"0":{"loc":{"start":{"line":14,"column":4},"end":{"line":14,"column":24}},"type":"if","locations":[{"start":{"line":14,"column":4},"end":{"line":14,"column":24}}]},"1":{"loc":{"start":{"line":15,"column":4},"end":{"line":15,"column":56}},"type":"if","locations":[{"start":{"line":15,"column":4},"end":{"line":15,"column":56}}]},"2":{"loc":{"start":{"line":18,"column":6},"end":{"line":20,"column":7}},"type":"if","locations":[{"start":{"line":18,"column":6},"end":{"line":20,"column":7}}]},"3":{"loc":{"start":{"line":18,"column":10},"end":{"line":18,"column":56}},"type":"binary-expr","locations":[{"start":{"line":18,"column":10},"end":{"line":18,"column":35}},{"start":{"line":18,"column":39},"end":{"line":18,"column":56}}]},"4":{"loc":{"start":{"line":23,"column":4},"end":{"line":23,"column":45}},"type":"if","locations":[{"start":{"line":23,"column":4},"end":{"line":23,"column":45}}]}},"s":{"0":1,"1":1,"2":3,"3":3,"4":2,"5":1,"6":1,"7":0,"8":1,"9":0,"10":0,"11":1,"12":1,"13":3,"14":1},"f":{"0":3,"1":2,"2":0},"b":{"0":[1],"1":[0],"2":[0],"3":[0,0],"4":[1]}}
,"/Users/antoniel/Desktop/Projetos/teste técnico/teste-control361/src/hooks/useVehicles.ts": {"path":"/Users/antoniel/Desktop/Projetos/teste técnico/teste-control361/src/hooks/useVehicles.ts","statementMap":{"0":{"start":{"line":1,"column":0},"end":{"line":1,"column":46}},"1":{"start":{"line":3,"column":0},"end":{"line":3,"column":32}},"2":{"start":{"line":5,"column":27},"end":{"line":66,"column":1}},"3":{"start":{"line":6,"column":34},"end":{"line":6,"column":57}},"4":{"start":{"line":7,"column":48},"end":{"line":7,"column":79}},"5":{"start":{"line":8,"column":30},"end":{"line":8,"column":42}},"6":{"start":{"line":9,"column":26},"end":{"line":9,"column":37}},"7":{"start":{"line":10,"column":38},"end":{"line":10,"column":49}},"8":{"start":{"line":11,"column":32},"end":{"line":11,"column":44}},"9":{"start":{"line":12,"column":32},"end":{"line":12,"column":47}},"10":{"start":{"line":14,"column":30},"end":{"line":23,"column":8}},"11":{"start":{"line":15,"column":28},"end":{"line":15,"column":37}},"12":{"start":{"line":16,"column":4},"end":{"line":21,"column":7}},"13":{"start":{"line":17,"column":23},"end":{"line":17,"column":55}},"14":{"start":{"line":18,"column":6},"end":{"line":20,"column":7}},"15":{"start":{"line":19,"column":8},"end":{"line":19,"column":51}},"16":{"start":{"line":22,"column":4},"end":{"line":22,"column":61}},"17":{"start":{"line":25,"column":24},"end":{"line":53,"column":44}},"18":{"start":{"line":26,"column":4},"end":{"line":52,"column":5}},"19":{"start":{"line":27,"column":6},"end":{"line":27,"column":23}},"20":{"start":{"line":28,"column":23},"end":{"line":35,"column":8}},"21":{"start":{"line":37,"column":31},"end":{"line":37,"column":69}},"22":{"start":{"line":38,"column":6},"end":{"line":38,"column":44}},"23":{"start":{"line":40,"column":6},"end":{"line":44,"column":7}},"24":{"start":{"line":41,"column":8},"end":{"line":41,"column":52}},"25":{"start":{"line":43,"column":8},"end":{"line":43,"column":74}},"26":{"start":{"line":43,"column":28},"end":{"line":43,"column":72}},"27":{"start":{"line":46,"column":6},"end":{"line":46,"column":54}},"28":{"start":{"line":47,"column":6},"end":{"line":47,"column":48}},"29":{"start":{"line":49,"column":6},"end":{"line":49,"column":57}},"30":{"start":{"line":51,"column":6},"end":{"line":51,"column":24}},"31":{"start":{"line":55,"column":2},"end":{"line":65,"column":4}},"32":{"start":{"line":5,"column":13},"end":{"line":5,"column":27}}},"fnMap":{"0":{"name":"(anonymous_1)","decl":{"start":{"line":5,"column":27},"end":{"line":5,"column":30}},"loc":{"start":{"line":5,"column":32},"end":{"line":66,"column":1}}},"1":{"name":"(anonymous_2)","decl":{"start":{"line":14,"column":42},"end":{"line":14,"column":43}},"loc":{"start":{"line":14,"column":82},"end":{"line":23,"column":3}}},"2":{"name":"(anonymous_3)","decl":{"start":{"line":16,"column":30},"end":{"line":16,"column":31}},"loc":{"start":{"line":16,"column":60},"end":{"line":21,"column":5}}},"3":{"name":"(anonymous_4)","decl":{"start":{"line":25,"column":36},"end":{"line":25,"column":41}},"loc":{"start":{"line":25,"column":93},"end":{"line":53,"column":3}}},"4":{"name":"(anonymous_5)","decl":{"start":{"line":43,"column":20},"end":{"line":43,"column":24}},"loc":{"start":{"line":43,"column":28},"end":{"line":43,"column":72}}}},"branchMap":{"0":{"loc":{"start":{"line":16,"column":4},"end":{"line":21,"column":6}},"type":"cond-expr","locations":[{"start":{"line":16,"column":20},"end":{"line":16,"column":22}},{"start":{"line":16,"column":4},"end":{"line":21,"column":6}}]},"1":{"loc":{"start":{"line":16,"column":4},"end":{"line":16,"column":22}},"type":"binary-expr","locations":[{"start":{"line":16,"column":4},"end":{"line":16,"column":22}},{"start":{"line":16,"column":4},"end":{"line":16,"column":22}}]},"2":{"loc":{"start":{"line":18,"column":6},"end":{"line":20,"column":7}},"type":"if","locations":[{"start":{"line":18,"column":6},"end":{"line":20,"column":7}}]},"3":{"loc":{"start":{"line":18,"column":10},"end":{"line":18,"column":82}},"type":"binary-expr","locations":[{"start":{"line":18,"column":10},"end":{"line":18,"column":19}},{"start":{"line":18,"column":23},"end":{"line":18,"column":82}}]},"4":{"loc":{"start":{"line":40,"column":6},"end":{"line":44,"column":7}},"type":"if","locations":[{"start":{"line":40,"column":6},"end":{"line":44,"column":7}},{"start":{"line":42,"column":13},"end":{"line":44,"column":7}}]}},"s":{"0":1,"1":1,"2":1,"3":7,"4":7,"5":7,"6":7,"7":7,"8":7,"9":7,"10":7,"11":1,"12":1,"13":1,"14":1,"15":1,"16":1,"17":7,"18":2,"19":2,"20":2,"21":1,"22":1,"23":1,"24":1,"25":0,"26":0,"27":1,"28":1,"29":1,"30":2,"31":7,"32":1},"f":{"0":7,"1":1,"2":1,"3":2,"4":0},"b":{"0":[0,1],"1":[1,1],"2":[1],"3":[1,0],"4":[1,0]}}
}
