TN:
SF:src/hooks/useInfiniteScroll.ts
FN:10,(anonymous_0)
FN:13,(anonymous_1)
FN:17,(anonymous_2)
FNF:3
FNH:2
FNDA:3,(anonymous_0)
FNDA:2,(anonymous_1)
FNDA:0,(anonymous_2)
DA:1,1
DA:10,1
DA:11,3
DA:13,3
DA:14,2
DA:15,1
DA:17,1
DA:18,0
DA:19,0
DA:23,1
DA:26,3
LF:11
LH:9
BRDA:14,0,0,1
BRDA:15,1,0,0
BRDA:18,2,0,0
BRDA:18,3,0,0
BRDA:18,3,1,0
BRDA:23,4,0,1
BRF:6
BRH:2
end_of_record
TN:
SF:src/hooks/useVehicles.ts
FN:5,(anonymous_1)
FN:14,(anonymous_2)
FN:16,(anonymous_3)
FN:25,(anonymous_4)
FN:43,(anonymous_5)
FNF:5
FNH:4
FNDA:7,(anonymous_1)
FNDA:1,(anonymous_2)
FNDA:1,(anonymous_3)
FNDA:2,(anonymous_4)
FNDA:0,(anonymous_5)
DA:1,1
DA:3,1
DA:5,1
DA:6,7
DA:7,7
DA:8,7
DA:9,7
DA:10,7
DA:11,7
DA:12,7
DA:14,7
DA:15,1
DA:16,1
DA:17,1
DA:18,1
DA:19,1
DA:22,1
DA:25,7
DA:26,2
DA:27,2
DA:28,2
DA:37,1
DA:38,1
DA:40,1
DA:41,1
DA:43,0
DA:46,1
DA:47,1
DA:49,1
DA:51,2
DA:55,7
LF:31
LH:30
BRDA:16,0,0,0
BRDA:16,0,1,1
BRDA:16,1,0,1
BRDA:16,1,1,1
BRDA:18,2,0,1
BRDA:18,3,0,1
BRDA:18,3,1,0
BRDA:40,4,0,1
BRDA:40,4,1,0
BRF:9
BRH:6
end_of_record
